[debug] [2023-01-20T09:02:09.729Z] ----------------------------------------------------------------------
[debug] [2023-01-20T09:02:09.732Z] Command:       C:\Program Files\nodejs\node.exe C:\Users\esngw\AppData\Roaming\npm\node_modules\firebase-tools\lib\bin\firebase.js init
[debug] [2023-01-20T09:02:09.733Z] CLI Version:   11.20.0
[debug] [2023-01-20T09:02:09.733Z] Platform:      win32
[debug] [2023-01-20T09:02:09.733Z] Node Version:  v16.16.0
[debug] [2023-01-20T09:02:09.734Z] Time:          Fri Jan 20 2023 11:02:09 GMT+0200 (Central Africa Time)
[debug] [2023-01-20T09:02:09.735Z] ----------------------------------------------------------------------
[debug] 
[debug] [2023-01-20T09:02:09.749Z] > command requires scopes: ["email","openid","https://www.googleapis.com/auth/cloudplatformprojects.readonly","https://www.googleapis.com/auth/firebase","https://www.googleapis.com/auth/cloud-platform"]
[debug] [2023-01-20T09:02:09.751Z] > authorizing via signed-in user (esngwala@gmail.com)
[info] 
     ######## #### ########  ######## ########     ###     ######  ########
     ##        ##  ##     ## ##       ##     ##  ##   ##  ##       ##
     ######    ##  ########  ######   ########  #########  ######  ######
     ##        ##  ##    ##  ##       ##     ## ##     ##       ## ##
     ##       #### ##     ## ######## ########  ##     ##  ######  ########

You're about to initialize a Firebase project in this directory:

  J:\prg\projects\green_conn_api

[info] 
=== Project Setup
[info] 
[info] First, let's associate this project directory with a Firebase project.
[info] You can create multiple project aliases by running firebase use --add, 
[info] but for now we'll just set up a default project.
[info] 
[info] i  If you want to create a project in a Google Cloud organization or folder, please use "firebase projects:create" instead, and return to this command when you've created the project. 
[debug] [2023-01-20T09:02:50.491Z] > refreshing access token with scopes: []
[debug] [2023-01-20T09:02:50.494Z] >>> [apiv2][query] POST https://www.googleapis.com/oauth2/v3/token [none]
[debug] [2023-01-20T09:02:50.494Z] >>> [apiv2][body] POST https://www.googleapis.com/oauth2/v3/token [omitted]
[debug] [2023-01-20T09:03:16.624Z] Error: Timed out.
    at Timeout._onTimeout (C:\Users\esngw\AppData\Roaming\npm\node_modules\firebase-tools\lib\utils.js:253:49)
    at listOnTimeout (node:internal/timers:559:17)
    at processTimers (node:internal/timers:502:7)
[error] 
[error] Error: An unexpected error has occurred.
[debug] [2023-01-20T09:03:39.950Z] ----------------------------------------------------------------------
[debug] [2023-01-20T09:03:39.954Z] Command:       C:\Program Files\nodejs\node.exe C:\Users\esngw\AppData\Roaming\npm\node_modules\firebase-tools\lib\bin\firebase.js init
[debug] [2023-01-20T09:03:39.956Z] CLI Version:   11.20.0
[debug] [2023-01-20T09:03:39.956Z] Platform:      win32
[debug] [2023-01-20T09:03:39.956Z] Node Version:  v16.16.0
[debug] [2023-01-20T09:03:39.958Z] Time:          Fri Jan 20 2023 11:03:39 GMT+0200 (Central Africa Time)
[debug] [2023-01-20T09:03:39.959Z] ----------------------------------------------------------------------
[debug] 
[debug] [2023-01-20T09:03:39.970Z] > command requires scopes: ["email","openid","https://www.googleapis.com/auth/cloudplatformprojects.readonly","https://www.googleapis.com/auth/firebase","https://www.googleapis.com/auth/cloud-platform"]
[debug] [2023-01-20T09:03:39.970Z] > authorizing via signed-in user (esngwala@gmail.com)
[info] 
     ######## #### ########  ######## ########     ###     ######  ########
     ##        ##  ##     ## ##       ##     ##  ##   ##  ##       ##
     ######    ##  ########  ######   ########  #########  ######  ######
     ##        ##  ##    ##  ##       ##     ## ##     ##       ## ##
     ##       #### ##     ## ######## ########  ##     ##  ######  ########

You're about to initialize a Firebase project in this directory:

  J:\prg\projects\green_conn_api

[info] 
=== Project Setup
[info] 
[info] First, let's associate this project directory with a Firebase project.
[info] You can create multiple project aliases by running firebase use --add, 
[info] but for now we'll just set up a default project.
[info] 
[debug] [2023-01-20T09:04:18.871Z] > refreshing access token with scopes: []
[debug] [2023-01-20T09:04:18.875Z] >>> [apiv2][query] POST https://www.googleapis.com/oauth2/v3/token [none]
[debug] [2023-01-20T09:04:18.875Z] >>> [apiv2][body] POST https://www.googleapis.com/oauth2/v3/token [omitted]
[debug] [2023-01-20T09:04:39.951Z] Authentication Error: Your credentials are no longer valid. Please run firebase login --reauth

For CI servers and headless environments, generate a new token with firebase login:ci
[debug] [2023-01-20T09:04:44.973Z] Error: Timed out.
    at Timeout._onTimeout (C:\Users\esngw\AppData\Roaming\npm\node_modules\firebase-tools\lib\utils.js:253:49)
    at listOnTimeout (node:internal/timers:559:17)
    at processTimers (node:internal/timers:502:7)
[error] 
[error] Error: An unexpected error has occurred.
[debug] [2023-01-20T09:04:54.988Z] ----------------------------------------------------------------------
[debug] [2023-01-20T09:04:54.991Z] Command:       C:\Program Files\nodejs\node.exe C:\Users\esngw\AppData\Roaming\npm\node_modules\firebase-tools\lib\bin\firebase.js init
[debug] [2023-01-20T09:04:54.992Z] CLI Version:   11.20.0
[debug] [2023-01-20T09:04:54.992Z] Platform:      win32
[debug] [2023-01-20T09:04:54.992Z] Node Version:  v16.16.0
[debug] [2023-01-20T09:04:54.994Z] Time:          Fri Jan 20 2023 11:04:54 GMT+0200 (Central Africa Time)
[debug] [2023-01-20T09:04:54.994Z] ----------------------------------------------------------------------
[debug] 
[debug] [2023-01-20T09:04:55.005Z] > command requires scopes: ["email","openid","https://www.googleapis.com/auth/cloudplatformprojects.readonly","https://www.googleapis.com/auth/firebase","https://www.googleapis.com/auth/cloud-platform"]
[debug] [2023-01-20T09:04:55.006Z] > authorizing via signed-in user (esngwala@gmail.com)
[info] 
     ######## #### ########  ######## ########     ###     ######  ########
     ##        ##  ##     ## ##       ##     ##  ##   ##  ##       ##
     ######    ##  ########  ######   ########  #########  ######  ######
     ##        ##  ##    ##  ##       ##     ## ##     ##       ## ##
     ##       #### ##     ## ######## ########  ##     ##  ######  ########

You're about to initialize a Firebase project in this directory:

  J:\prg\projects\green_conn_api

[debug] [2023-01-20T09:10:43.073Z] Error: Timed out.
    at Timeout._onTimeout (C:\Users\esngw\AppData\Roaming\npm\node_modules\firebase-tools\lib\utils.js:253:49)
    at listOnTimeout (node:internal/timers:559:17)
    at processTimers (node:internal/timers:502:7)
[error] 
[error] Error: An unexpected error has occurred.
[debug] [2023-01-20T09:17:41.193Z] ----------------------------------------------------------------------
[debug] [2023-01-20T09:17:41.195Z] Command:       C:\Program Files\nodejs\node.exe C:\Users\esngw\AppData\Roaming\npm\node_modules\firebase-tools\lib\bin\firebase.js init
[debug] [2023-01-20T09:17:41.196Z] CLI Version:   11.20.0
[debug] [2023-01-20T09:17:41.196Z] Platform:      win32
[debug] [2023-01-20T09:17:41.196Z] Node Version:  v16.16.0
[debug] [2023-01-20T09:17:41.197Z] Time:          Fri Jan 20 2023 11:17:41 GMT+0200 (Central Africa Time)
[debug] [2023-01-20T09:17:41.197Z] ----------------------------------------------------------------------
[debug] 
[debug] [2023-01-20T09:17:41.207Z] > command requires scopes: ["email","openid","https://www.googleapis.com/auth/cloudplatformprojects.readonly","https://www.googleapis.com/auth/firebase","https://www.googleapis.com/auth/cloud-platform"]
[debug] [2023-01-20T09:17:41.208Z] > authorizing via signed-in user (esngwala@gmail.com)
[info] 
     ######## #### ########  ######## ########     ###     ######  ########
     ##        ##  ##     ## ##       ##     ##  ##   ##  ##       ##
     ######    ##  ########  ######   ########  #########  ######  ######
     ##        ##  ##    ##  ##       ##     ## ##     ##       ## ##
     ##       #### ##     ## ######## ########  ##     ##  ######  ########

You're about to initialize a Firebase project in this directory:

  J:\prg\projects\green_conn_api

[info] 
=== Project Setup
[info] 
[info] First, let's associate this project directory with a Firebase project.
[info] You can create multiple project aliases by running firebase use --add, 
[info] but for now we'll just set up a default project.
[info] 
[debug] [2023-01-20T09:26:55.587Z] > refreshing access token with scopes: []
[debug] [2023-01-20T09:26:55.595Z] >>> [apiv2][query] POST https://www.googleapis.com/oauth2/v3/token [none]
[debug] [2023-01-20T09:26:55.596Z] >>> [apiv2][body] POST https://www.googleapis.com/oauth2/v3/token [omitted]
[debug] [2023-01-20T09:26:56.922Z] <<< [apiv2][status] POST https://www.googleapis.com/oauth2/v3/token 200
[debug] [2023-01-20T09:26:56.923Z] <<< [apiv2][body] POST https://www.googleapis.com/oauth2/v3/token [omitted]
[debug] [2023-01-20T09:26:57.727Z] >>> [apiv2][query] GET https://firebase.googleapis.com/v1beta1/projects pageSize=100
[debug] [2023-01-20T09:26:59.505Z] <<< [apiv2][status] GET https://firebase.googleapis.com/v1beta1/projects 200
[debug] [2023-01-20T09:26:59.506Z] <<< [apiv2][body] GET https://firebase.googleapis.com/v1beta1/projects [omitted]
[info] i  Using project greenconnect-4a503 (greenConnect) 
[info] 
=== Hosting Setup
[info] 
[info] Your public directory is the folder (relative to your project directory) that
[info] will contain Hosting assets to be uploaded with firebase deploy. If you
[info] have a build process for your assets, use your build's output directory.
[info] 
[debug] [2023-01-20T09:27:24.975Z] ----------------------------------------------------------------------
[debug] [2023-01-20T09:27:24.978Z] Command:       C:\Program Files\nodejs\node.exe C:\Users\esngw\AppData\Roaming\npm\node_modules\firebase-tools\lib\bin\firebase.js init
[debug] [2023-01-20T09:27:24.980Z] CLI Version:   11.20.0
[debug] [2023-01-20T09:27:24.980Z] Platform:      win32
[debug] [2023-01-20T09:27:24.980Z] Node Version:  v16.16.0
[debug] [2023-01-20T09:27:24.982Z] Time:          Fri Jan 20 2023 11:27:24 GMT+0200 (Central Africa Time)
[debug] [2023-01-20T09:27:24.982Z] ----------------------------------------------------------------------
[debug] 
[debug] [2023-01-20T09:27:24.995Z] > command requires scopes: ["email","openid","https://www.googleapis.com/auth/cloudplatformprojects.readonly","https://www.googleapis.com/auth/firebase","https://www.googleapis.com/auth/cloud-platform"]
[debug] [2023-01-20T09:27:24.996Z] > authorizing via signed-in user (esngwala@gmail.com)
[info] 
     ######## #### ########  ######## ########     ###     ######  ########
     ##        ##  ##     ## ##       ##     ##  ##   ##  ##       ##
     ######    ##  ########  ######   ########  #########  ######  ######
     ##        ##  ##    ##  ##       ##     ## ##     ##       ## ##
     ##       #### ##     ## ######## ########  ##     ##  ######  ########

You're about to initialize a Firebase project in this directory:

  J:\prg\projects\green_conn_api

[info] 
=== Project Setup
[info] 
[info] First, let's associate this project directory with a Firebase project.
[info] You can create multiple project aliases by running firebase use --add, 
[info] but for now we'll just set up a default project.
[info] 
[info] i  If you want to create a project in a Google Cloud organization or folder, please use "firebase projects:create" instead, and return to this command when you've created the project. 
[debug] [2023-01-20T09:28:43.636Z] >>> [apiv2][query] POST https://cloudresourcemanager.googleapis.com/v1/projects [none]
[debug] [2023-01-20T09:28:43.637Z] >>> [apiv2][body] POST https://cloudresourcemanager.googleapis.com/v1/projects {"projectId":"greenconnapi","name":"greenconnapi"}
[debug] [2023-01-20T09:28:45.305Z] <<< [apiv2][status] POST https://cloudresourcemanager.googleapis.com/v1/projects 200
[debug] [2023-01-20T09:28:45.305Z] <<< [apiv2][body] POST https://cloudresourcemanager.googleapis.com/v1/projects {"name":"operations/cp.8311645449149610638"}
[debug] [2023-01-20T09:28:45.307Z] >>> [apiv2][query] GET https://cloudresourcemanager.googleapis.com/v1/operations/cp.8311645449149610638 [none]
[debug] [2023-01-20T09:28:47.436Z] <<< [apiv2][status] GET https://cloudresourcemanager.googleapis.com/v1/operations/cp.8311645449149610638 200
[debug] [2023-01-20T09:28:47.437Z] <<< [apiv2][body] GET https://cloudresourcemanager.googleapis.com/v1/operations/cp.8311645449149610638 {"name":"operations/cp.8311645449149610638","metadata":{"@type":"type.googleapis.com/google.cloudresourcemanager.v1.ProjectCreationStatus","gettable":true}}
[debug] [2023-01-20T09:28:47.948Z] [Project Creation Poller] Retrying task index 0
[debug] [2023-01-20T09:28:47.949Z] >>> [apiv2][query] GET https://cloudresourcemanager.googleapis.com/v1/operations/cp.8311645449149610638 [none]
[debug] [2023-01-20T09:28:50.196Z] <<< [apiv2][status] GET https://cloudresourcemanager.googleapis.com/v1/operations/cp.8311645449149610638 200
[debug] [2023-01-20T09:28:50.197Z] <<< [apiv2][body] GET https://cloudresourcemanager.googleapis.com/v1/operations/cp.8311645449149610638 {"name":"operations/cp.8311645449149610638","metadata":{"@type":"type.googleapis.com/google.cloudresourcemanager.v1.ProjectCreationStatus","gettable":true,"ready":true},"done":true,"response":{"@type":"type.googleapis.com/google.cloudresourcemanager.v1.Project","projectNumber":"76292250599","projectId":"greenconnapi","lifecycleState":"ACTIVE","name":"greenconnapi","createTime":"2023-01-20T09:28:47.654Z"}}
[debug] [2023-01-20T09:28:50.199Z] >>> [apiv2][query] POST https://firebase.googleapis.com/v1beta1/projects/greenconnapi:addFirebase [none]
[debug] [2023-01-20T09:28:53.849Z] <<< [apiv2][status] POST https://firebase.googleapis.com/v1beta1/projects/greenconnapi:addFirebase 200
[debug] [2023-01-20T09:28:53.849Z] <<< [apiv2][body] POST https://firebase.googleapis.com/v1beta1/projects/greenconnapi:addFirebase {"name":"operations/workflows/OGM4ZjhlNjMtYjQzYy00MmE5LWIwZGYtMWI3YTYyNDFmYWQz"}
[debug] [2023-01-20T09:28:53.850Z] >>> [apiv2][query] GET https://firebase.googleapis.com/v1beta1/operations/workflows/OGM4ZjhlNjMtYjQzYy00MmE5LWIwZGYtMWI3YTYyNDFmYWQz [none]
[debug] [2023-01-20T09:28:55.768Z] <<< [apiv2][status] GET https://firebase.googleapis.com/v1beta1/operations/workflows/OGM4ZjhlNjMtYjQzYy00MmE5LWIwZGYtMWI3YTYyNDFmYWQz 200
[debug] [2023-01-20T09:28:55.768Z] <<< [apiv2][body] GET https://firebase.googleapis.com/v1beta1/operations/workflows/OGM4ZjhlNjMtYjQzYy00MmE5LWIwZGYtMWI3YTYyNDFmYWQz {"name":"operations/workflows/OGM4ZjhlNjMtYjQzYy00MmE5LWIwZGYtMWI3YTYyNDFmYWQz"}
[debug] [2023-01-20T09:28:56.283Z] [Add Firebase Poller] Retrying task index 0
[debug] [2023-01-20T09:28:56.284Z] >>> [apiv2][query] GET https://firebase.googleapis.com/v1beta1/operations/workflows/OGM4ZjhlNjMtYjQzYy00MmE5LWIwZGYtMWI3YTYyNDFmYWQz [none]
[debug] [2023-01-20T09:28:58.034Z] <<< [apiv2][status] GET https://firebase.googleapis.com/v1beta1/operations/workflows/OGM4ZjhlNjMtYjQzYy00MmE5LWIwZGYtMWI3YTYyNDFmYWQz 200
[debug] [2023-01-20T09:28:58.035Z] <<< [apiv2][body] GET https://firebase.googleapis.com/v1beta1/operations/workflows/OGM4ZjhlNjMtYjQzYy00MmE5LWIwZGYtMWI3YTYyNDFmYWQz {"name":"operations/workflows/OGM4ZjhlNjMtYjQzYy00MmE5LWIwZGYtMWI3YTYyNDFmYWQz"}
[debug] [2023-01-20T09:28:59.036Z] [Add Firebase Poller] Retrying task index 0
[debug] [2023-01-20T09:28:59.040Z] >>> [apiv2][query] GET https://firebase.googleapis.com/v1beta1/operations/workflows/OGM4ZjhlNjMtYjQzYy00MmE5LWIwZGYtMWI3YTYyNDFmYWQz [none]
[debug] [2023-01-20T09:29:00.268Z] <<< [apiv2][status] GET https://firebase.googleapis.com/v1beta1/operations/workflows/OGM4ZjhlNjMtYjQzYy00MmE5LWIwZGYtMWI3YTYyNDFmYWQz 200
[debug] [2023-01-20T09:29:00.268Z] <<< [apiv2][body] GET https://firebase.googleapis.com/v1beta1/operations/workflows/OGM4ZjhlNjMtYjQzYy00MmE5LWIwZGYtMWI3YTYyNDFmYWQz {"name":"operations/workflows/OGM4ZjhlNjMtYjQzYy00MmE5LWIwZGYtMWI3YTYyNDFmYWQz"}
[debug] [2023-01-20T09:29:02.278Z] [Add Firebase Poller] Retrying task index 0
[debug] [2023-01-20T09:29:02.279Z] >>> [apiv2][query] GET https://firebase.googleapis.com/v1beta1/operations/workflows/OGM4ZjhlNjMtYjQzYy00MmE5LWIwZGYtMWI3YTYyNDFmYWQz [none]
[debug] [2023-01-20T09:29:03.345Z] <<< [apiv2][status] GET https://firebase.googleapis.com/v1beta1/operations/workflows/OGM4ZjhlNjMtYjQzYy00MmE5LWIwZGYtMWI3YTYyNDFmYWQz 200
[debug] [2023-01-20T09:29:03.345Z] <<< [apiv2][body] GET https://firebase.googleapis.com/v1beta1/operations/workflows/OGM4ZjhlNjMtYjQzYy00MmE5LWIwZGYtMWI3YTYyNDFmYWQz {"name":"operations/workflows/OGM4ZjhlNjMtYjQzYy00MmE5LWIwZGYtMWI3YTYyNDFmYWQz","done":true,"response":{"@type":"type.googleapis.com/google.firebase.service.v1beta1.FirebaseProject","projectId":"greenconnapi","projectNumber":"76292250599","displayName":"greenconnapi","name":"projects/greenconnapi","resources":{"hostingSite":"greenconnapi"}}}
[info] 
[info] === Your Firebase project is ready! ===
[info] 
[info] Project information:
[info]    - Project ID: greenconnapi
[info]    - Project Name: greenconnapi
[info] 
[info] Firebase console is available at
[info] https://console.firebase.google.com/project/greenconnapi/overview
[info] i  Using project greenconnapi (greenconnapi) 
[info] 
=== Hosting Setup
[info] 
[info] Your public directory is the folder (relative to your project directory) that
[info] will contain Hosting assets to be uploaded with firebase deploy. If you
[info] have a build process for your assets, use your build's output directory.
[info] 
[info] +  Wrote templates/404.html 
[debug] [2023-01-20T09:29:39.221Z] >>> [apiv2][query] GET https://www.gstatic.com/firebasejs/releases.json [none]
[debug] [2023-01-20T09:29:41.405Z] <<< [apiv2][status] GET https://www.gstatic.com/firebasejs/releases.json 200
[debug] [2023-01-20T09:29:41.406Z] <<< [apiv2][body] GET https://www.gstatic.com/firebasejs/releases.json {"current":{"version":"9.16.0","browserURL":"https://www.gstatic.com/firebasejs/9.16.0/firebase.js","packageURL":"https://www.gstatic.com/firebasejs/9.16.0/firebase.tgz"},"live":{"version":"9.16","browserURL":"https://www.gstatic.com/firebasejs/live/9.16/firebase.js","packageURL":"https://www.gstatic.com/firebasejs/live/9.16/firebase.tgz"},"components":{"analytics":"https://www.gstatic.com/firebasejs/9.16.0/firebase-analytics.js","app":"https://www.gstatic.com/firebasejs/9.16.0/firebase-app.js","app-check":"https://www.gstatic.com/firebasejs/9.16.0/firebase-app-check.js","auth":"https://www.gstatic.com/firebasejs/9.16.0/firebase-auth.js","auth/cordova":"https://www.gstatic.com/firebasejs/9.16.0/firebase-auth/cordova.js","auth/react-native":"https://www.gstatic.com/firebasejs/9.16.0/firebase-auth/react-native.js","functions":"https://www.gstatic.com/firebasejs/9.16.0/firebase-functions.js","firestore":"https://www.gstatic.com/firebasejs/9.16.0/firebase-firestore.js","firestore/lite":"https://www.gstatic.com/firebasejs/9.16.0/firebase-firestore/lite.js","installations":"https://www.gstatic.com/firebasejs/9.16.0/firebase-installations.js","storage":"https://www.gstatic.com/firebasejs/9.16.0/firebase-storage.js","performance":"https://www.gstatic.com/firebasejs/9.16.0/firebase-performance.js","remote-config":"https://www.gstatic.com/firebasejs/9.16.0/firebase-remote-config.js","messaging":"https://www.gstatic.com/firebasejs/9.16.0/firebase-messaging.js","messaging/sw":"https://www.gstatic.com/firebasejs/9.16.0/firebase-messaging/sw.js","database":"https://www.gstatic.com/firebasejs/9.16.0/firebase-database.js","firestore.memory":"https://www.gstatic.com/firebasejs/9.16.0/firebase-firestore.memory.js"}}
[info] i  Skipping write of templates/index.html 
[info] 
[info] i  Detected a .git folder at J:\prg\projects\green_conn_api 
[info] i  Authorizing with GitHub to upload your service account to a GitHub repository's secrets store. 
[info] 
[info] Visit this URL on this device to log in:
[info] https://github.com/login/oauth/authorize?client_id=89cf50f02ac6aaed3484&state=680258226&redirect_uri=http%3A%2F%2Flocalhost%3A9005&scope=read%3Auser%20repo%20public_repo
[info] 
[info] Waiting for authentication...
[debug] [2023-01-20T09:29:49.110Z] >>> [apiv2][query] POST https://github.com/login/oauth/access_token [none]
[debug] [2023-01-20T09:29:49.111Z] >>> [apiv2][body] POST https://github.com/login/oauth/access_token [stream]
[debug] [2023-01-20T09:29:50.363Z] <<< [apiv2][status] POST https://github.com/login/oauth/access_token 200
[debug] [2023-01-20T09:29:50.363Z] <<< [apiv2][body] POST https://github.com/login/oauth/access_token {"access_token":"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","token_type":"bearer","scope":"read:user,repo"}
[debug] [2023-01-20T09:29:50.448Z] >>> [apiv2][query] GET https://api.github.com/user [none]
[debug] [2023-01-20T09:29:51.784Z] <<< [apiv2][status] GET https://api.github.com/user 200
[debug] [2023-01-20T09:29:51.784Z] <<< [apiv2][body] GET https://api.github.com/user {"login":"Emmanuel-tech58","id":80471642,"node_id":"MDQ6VXNlcjgwNDcxNjQy","avatar_url":"https://avatars.githubusercontent.com/u/80471642?v=4","gravatar_id":"","url":"https://api.github.com/users/Emmanuel-tech58","html_url":"https://github.com/Emmanuel-tech58","followers_url":"https://api.github.com/users/Emmanuel-tech58/followers","following_url":"https://api.github.com/users/Emmanuel-tech58/following{/other_user}","gists_url":"https://api.github.com/users/Emmanuel-tech58/gists{/gist_id}","starred_url":"https://api.github.com/users/Emmanuel-tech58/starred{/owner}{/repo}","subscriptions_url":"https://api.github.com/users/Emmanuel-tech58/subscriptions","organizations_url":"https://api.github.com/users/Emmanuel-tech58/orgs","repos_url":"https://api.github.com/users/Emmanuel-tech58/repos","events_url":"https://api.github.com/users/Emmanuel-tech58/events{/privacy}","received_events_url":"https://api.github.com/users/Emmanuel-tech58/received_events","type":"User","site_admin":false,"name":"tech-58","company":null,"blog":"","location":null,"email":"esngwala@gmail.com","hireable":null,"bio":null,"twitter_username":null,"public_repos":3,"public_gists":0,"followers":0,"following":2,"created_at":"2021-03-11T15:02:46Z","updated_at":"2023-01-16T11:02:32Z","private_gists":1,"total_private_repos":5,"owned_private_repos":5,"disk_usage":126009,"collaborators":2,"two_factor_authentication":false,"plan":{"name":"free","space":976562499,"collaborators":0,"private_repos":10000}}
[info] 
[info] +  Success! Logged into GitHub as Emmanuel-tech58 
[info] 
[debug] [2023-01-20T09:31:29.631Z] >>> [apiv2][query] GET https://api.github.com/repos/Emmanuel-tech58/green_conn_api/actions/secrets/public-key type=owner
[debug] [2023-01-20T09:31:30.465Z] <<< [apiv2][status] GET https://api.github.com/repos/Emmanuel-tech58/green_conn_api/actions/secrets/public-key 401
[debug] [2023-01-20T09:31:30.466Z] <<< [apiv2][body] GET https://api.github.com/repos/Emmanuel-tech58/green_conn_api/actions/secrets/public-key {"message":"Bad credentials","documentation_url":"https://docs.github.com/rest"}
[debug] [2023-01-20T09:31:48.265Z] >>> [apiv2][query] GET https://api.github.com/repos/Emmanuel-tech58/green_conn_api/actions/secrets/public-key type=owner
[debug] [2023-01-20T09:31:49.116Z] <<< [apiv2][status] GET https://api.github.com/repos/Emmanuel-tech58/green_conn_api/actions/secrets/public-key 401
[debug] [2023-01-20T09:31:49.117Z] <<< [apiv2][body] GET https://api.github.com/repos/Emmanuel-tech58/green_conn_api/actions/secrets/public-key {"message":"Bad credentials","documentation_url":"https://docs.github.com/rest"}
[debug] [2023-01-20T09:32:44.372Z] >>> [apiv2][query] GET https://api.github.com/repos/Emmanuel-tech58/green_conn_api/actions/secrets/public-key type=owner
[debug] [2023-01-20T09:32:45.250Z] <<< [apiv2][status] GET https://api.github.com/repos/Emmanuel-tech58/green_conn_api/actions/secrets/public-key 401
[debug] [2023-01-20T09:32:45.250Z] <<< [apiv2][body] GET https://api.github.com/repos/Emmanuel-tech58/green_conn_api/actions/secrets/public-key {"message":"Bad credentials","documentation_url":"https://docs.github.com/rest"}
[debug] [2023-01-20T09:32:59.518Z] >>> [apiv2][query] GET https://api.github.com/repos/Emmanuel-tech58/green_conn_api/actions/secrets/public-key type=owner
[debug] [2023-01-20T09:33:00.437Z] <<< [apiv2][status] GET https://api.github.com/repos/Emmanuel-tech58/green_conn_api/actions/secrets/public-key 401
[debug] [2023-01-20T09:33:00.437Z] <<< [apiv2][body] GET https://api.github.com/repos/Emmanuel-tech58/green_conn_api/actions/secrets/public-key {"message":"Bad credentials","documentation_url":"https://docs.github.com/rest"}
